19/07/2020 20:54:10 [ExecuteSQL] Begin  LOAD.TAS_LOADING_EDIT_LOAD(630000350, ' - ', 'ADMIN','DESKTOP-G9K72Q6',:ret_check,:ret_msg);  End;
19/07/2020 20:54:10 [ExecuteSQL] Oracle.ManagedDataAccess.Client.OracleException (0x80004005): ORA-00001: unique constraint (TAS.PK_OIL_TEMP_LOAD_LINES) violated
ORA-06512: at "TAS.OIL_LOAD_LINES_UPDATE_TRG", line 219
ORA-04088: error during execution of trigger 'TAS.OIL_LOAD_LINES_UPDATE_TRG'
ORA-06512: at "LOAD.TAS_LOADING_EDIT_LOAD", line 62
ORA-06512: at line 1
   at OracleInternal.ServiceObjects.OracleConnectionImpl.VerifyExecution(Int32& cursorId, Boolean bThrowArrayBindRelatedErrors, SqlStatementType sqlStatementType, Int32 arrayBindCount, OracleException& exceptionForArrayBindDML, Boolean& hasMoreRowsInDB, Boolean bFirstIterationDone)
   at OracleInternal.ServiceObjects.OracleCommandImpl.ExecuteNonQuery(String commandText, OracleParameterCollection paramColl, CommandType commandType, OracleConnectionImpl connectionImpl, Int32 longFetchSize, Int64 clientInitialLOBFS, OracleDependencyImpl orclDependencyImpl, Int64[]& scnFromExecution, OracleParameterCollection& bindByPositionParamColl, Boolean& bBindParamPresent, OracleException& exceptionForArrayBindDML, OracleConnection connection, OracleLogicalTransaction& oracleLogicalTransaction, Boolean isFromEF)
   at Oracle.ManagedDataAccess.Client.OracleCommand.ExecuteNonQuery()
   at GINNTAS.COracle.ExeSQL(String strSQL, COraParameter iParam, String SQL_Execution_Error) in I:\งาน\G15-026_TAM\LLTLB\UPDATE CODE\2020\GINNTAS_TLB\GINNTAS\classs\COracle.vb:line 406
19/07/2020 20:55:30 [ExecuteSQL] BEGIN  LOAD.LOAD_CHECK_TU(87,1100401,1, 0,  to_date('19/07/2020 20:55:18','DD/MM/YYYY HH24:MI:SS') ,1,'ADMIN','DESKTOP-G9K72Q6',:ret_load_type,:ret_check,:ret_msg,:ret_cr_msg); END;
19/07/2020 20:55:30 [ExecuteSQL] Oracle.ManagedDataAccess.Client.OracleException (0x80004005): ORA-00001: unique constraint (TAS.PK_OIL_TEMP_LOAD_LINES) violated
ORA-06512: at "TAS.OIL_LOAD_LINES_UPDATE_TRG", line 219
ORA-04088: error during execution of trigger 'TAS.OIL_LOAD_LINES_UPDATE_TRG'
ORA-06512: at "LOAD.LOAD_GENERATE_METER", line 23
ORA-06512: at "LOAD.LOAD_CHECK_TU", line 195
ORA-06512: at line 1
   at OracleInternal.ServiceObjects.OracleConnectionImpl.VerifyExecution(Int32& cursorId, Boolean bThrowArrayBindRelatedErrors, SqlStatementType sqlStatementType, Int32 arrayBindCount, OracleException& exceptionForArrayBindDML, Boolean& hasMoreRowsInDB, Boolean bFirstIterationDone)
   at OracleInternal.ServiceObjects.OracleCommandImpl.ExecuteNonQuery(String commandText, OracleParameterCollection paramColl, CommandType commandType, OracleConnectionImpl connectionImpl, Int32 longFetchSize, Int64 clientInitialLOBFS, OracleDependencyImpl orclDependencyImpl, Int64[]& scnFromExecution, OracleParameterCollection& bindByPositionParamColl, Boolean& bBindParamPresent, OracleException& exceptionForArrayBindDML, OracleConnection connection, OracleLogicalTransaction& oracleLogicalTransaction, Boolean isFromEF)
   at Oracle.ManagedDataAccess.Client.OracleCommand.ExecuteNonQuery()
   at GINNTAS.COracle.ExeSQL(String strSQL, COraParameter iParam, String SQL_Execution_Error) in I:\งาน\G15-026_TAM\LLTLB\UPDATE CODE\2020\GINNTAS_TLB\GINNTAS\classs\COracle.vb:line 406
19/07/2020 20:55:50 [ExecuteSQL] BEGIN  LOAD.LOAD_CHECK_TU(87,1100401,1, 0,  to_date('19/07/2020 20:55:42','DD/MM/YYYY HH24:MI:SS') ,1,'ADMIN','DESKTOP-G9K72Q6',:ret_load_type,:ret_check,:ret_msg,:ret_cr_msg); END;
19/07/2020 20:55:51 [ExecuteSQL] Oracle.ManagedDataAccess.Client.OracleException (0x80004005): ORA-00001: unique constraint (TAS.PK_OIL_TEMP_LOAD_LINES) violated
ORA-06512: at "TAS.OIL_LOAD_LINES_UPDATE_TRG", line 219
ORA-04088: error during execution of trigger 'TAS.OIL_LOAD_LINES_UPDATE_TRG'
ORA-06512: at "LOAD.LOAD_GENERATE_METER", line 23
ORA-06512: at "LOAD.LOAD_CHECK_TU", line 195
ORA-06512: at line 1
   at OracleInternal.ServiceObjects.OracleConnectionImpl.VerifyExecution(Int32& cursorId, Boolean bThrowArrayBindRelatedErrors, SqlStatementType sqlStatementType, Int32 arrayBindCount, OracleException& exceptionForArrayBindDML, Boolean& hasMoreRowsInDB, Boolean bFirstIterationDone)
   at OracleInternal.ServiceObjects.OracleCommandImpl.ExecuteNonQuery(String commandText, OracleParameterCollection paramColl, CommandType commandType, OracleConnectionImpl connectionImpl, Int32 longFetchSize, Int64 clientInitialLOBFS, OracleDependencyImpl orclDependencyImpl, Int64[]& scnFromExecution, OracleParameterCollection& bindByPositionParamColl, Boolean& bBindParamPresent, OracleException& exceptionForArrayBindDML, OracleConnection connection, OracleLogicalTransaction& oracleLogicalTransaction, Boolean isFromEF)
   at Oracle.ManagedDataAccess.Client.OracleCommand.ExecuteNonQuery()
   at GINNTAS.COracle.ExeSQL(String strSQL, COraParameter iParam, String SQL_Execution_Error) in I:\งาน\G15-026_TAM\LLTLB\UPDATE CODE\2020\GINNTAS_TLB\GINNTAS\classs\COracle.vb:line 406
19/07/2020 20:57:06 [ExecuteSQL] BEGIN  LOAD.LOAD_CHECK_TU(87,1100402,1, 0,  to_date('19/07/2020 20:56:55','DD/MM/YYYY HH24:MI:SS') ,2,'ADMIN','DESKTOP-G9K72Q6',:ret_load_type,:ret_check,:ret_msg,:ret_cr_msg); END;
19/07/2020 20:57:07 [ExecuteSQL] Oracle.ManagedDataAccess.Client.OracleException (0x80004005): ORA-00001: unique constraint (TAS.PK_OIL_TEMP_LOAD_LINES) violated
ORA-06512: at "TAS.OIL_LOAD_LINES_UPDATE_TRG", line 219
ORA-04088: error during execution of trigger 'TAS.OIL_LOAD_LINES_UPDATE_TRG'
ORA-06512: at "LOAD.LOAD_GENERATE_METER", line 23
ORA-06512: at "LOAD.LOAD_CHECK_TU", line 195
ORA-06512: at line 1
   at OracleInternal.ServiceObjects.OracleConnectionImpl.VerifyExecution(Int32& cursorId, Boolean bThrowArrayBindRelatedErrors, SqlStatementType sqlStatementType, Int32 arrayBindCount, OracleException& exceptionForArrayBindDML, Boolean& hasMoreRowsInDB, Boolean bFirstIterationDone)
   at OracleInternal.ServiceObjects.OracleCommandImpl.ExecuteNonQuery(String commandText, OracleParameterCollection paramColl, CommandType commandType, OracleConnectionImpl connectionImpl, Int32 longFetchSize, Int64 clientInitialLOBFS, OracleDependencyImpl orclDependencyImpl, Int64[]& scnFromExecution, OracleParameterCollection& bindByPositionParamColl, Boolean& bBindParamPresent, OracleException& exceptionForArrayBindDML, OracleConnection connection, OracleLogicalTransaction& oracleLogicalTransaction, Boolean isFromEF)
   at Oracle.ManagedDataAccess.Client.OracleCommand.ExecuteNonQuery()
   at GINNTAS.COracle.ExeSQL(String strSQL, COraParameter iParam, String SQL_Execution_Error) in I:\งาน\G15-026_TAM\LLTLB\UPDATE CODE\2020\GINNTAS_TLB\GINNTAS\classs\COracle.vb:line 406
