23/05/2019 14:37:48 [ExecuteSQL] update METER set  METER_NO='11',  METER_ADDRESS=1,  METER_TYPE='SINGLE',  BASE_PRODUCT_ID='150N',  ARM_LEFT_ACTIVE=1,  ARM_RIGHT_ACTIVE=1,  ISLAND_NO='1',  COMP_ID='106052', COMPORT_NO='IP192.168.0.113', COMP_ID1='106004', COMPORT_NO1='COM4', IS_ENABLED=1,  IS_LOCKED=0, UPDATE_DATE=sysdate,UPDATED_BY='ADMIN', BLEND_PERCENT='0.00' ,PRES_LIMIT_HIGH='100' ,PRES_ALARM_HH='2' ,PRES_ALARM_H='1.50' , PULSE_INPUT = '0'where METER_NO='11'
23/05/2019 14:37:48 [ExecuteSQL] Oracle.ManagedDataAccess.Client.OracleException (0x80004005): ORA-12899: value too large for column "TAS"."METER"."COMPORT_NO" (actual: 15, maximum: 7)
   at OracleInternal.ServiceObjects.OracleConnectionImpl.VerifyExecution(Int32& cursorId, Boolean bThrowArrayBindRelatedErrors, SqlStatementType sqlStatementType, Int32 arrayBindCount, OracleException& exceptionForArrayBindDML, Boolean& hasMoreRowsInDB, Boolean bFirstIterationDone)
   at OracleInternal.ServiceObjects.OracleCommandImpl.VerifyExecution(OracleConnectionImpl connectionImpl, Int32& cursorId, Boolean bThrowArrayBindRelatedErrors, OracleException& exceptionForArrayBindDML, Boolean& hasMoreRowsInDB, Boolean bFirstIterationDone)
   at OracleInternal.ServiceObjects.OracleCommandImpl.ExecuteNonQuery(String commandText, OracleParameterCollection paramColl, CommandType commandType, OracleConnectionImpl connectionImpl, Int32 longFetchSize, Int64 clientInitialLOBFS, OracleDependencyImpl orclDependencyImpl, Int64[]& scnFromExecution, OracleParameterCollection& bindByPositionParamColl, Boolean& bBindParamPresent, OracleException& exceptionForArrayBindDML, OracleConnection connection, OracleLogicalTransaction& oracleLogicalTransaction, Boolean isFromEF)
   at Oracle.ManagedDataAccess.Client.OracleCommand.ExecuteNonQuery()
   at GINNTAS.COracle.ExeSQL(String strSQL, String& SQL_Execution_Error) in D:\SVN\Source Code\Code TLB\GINNTAS_TLB\GINNTAS\classs\COracle.vb:line 290
23/05/2019 14:39:04 [ExecuteSQL] update METER set  METER_NO='11',  METER_ADDRESS=1,  METER_TYPE='SINGLE',  BASE_PRODUCT_ID='150N',  ARM_LEFT_ACTIVE=1,  ARM_RIGHT_ACTIVE=1,  ISLAND_NO='1',  COMP_ID='106052', COMPORT_NO='IP192.168.0.113', COMP_ID1='106004', COMPORT_NO1='COM4', IS_ENABLED=1,  IS_LOCKED=0, UPDATE_DATE=sysdate,UPDATED_BY='ADMIN', BLEND_PERCENT='0.00' ,PRES_LIMIT_HIGH='100' ,PRES_ALARM_HH='2' ,PRES_ALARM_H='1.50' , PULSE_INPUT = '0'where METER_NO='11'
23/05/2019 14:39:04 [ExecuteSQL] Oracle.ManagedDataAccess.Client.OracleException (0x80004005): ORA-12899: value too large for column "TAS"."METER"."COMPORT_NO" (actual: 15, maximum: 7)
   at OracleInternal.ServiceObjects.OracleConnectionImpl.VerifyExecution(Int32& cursorId, Boolean bThrowArrayBindRelatedErrors, SqlStatementType sqlStatementType, Int32 arrayBindCount, OracleException& exceptionForArrayBindDML, Boolean& hasMoreRowsInDB, Boolean bFirstIterationDone)
   at OracleInternal.ServiceObjects.OracleCommandImpl.VerifyExecution(OracleConnectionImpl connectionImpl, Int32& cursorId, Boolean bThrowArrayBindRelatedErrors, OracleException& exceptionForArrayBindDML, Boolean& hasMoreRowsInDB, Boolean bFirstIterationDone)
   at OracleInternal.ServiceObjects.OracleCommandImpl.ExecuteNonQuery(String commandText, OracleParameterCollection paramColl, CommandType commandType, OracleConnectionImpl connectionImpl, Int32 longFetchSize, Int64 clientInitialLOBFS, OracleDependencyImpl orclDependencyImpl, Int64[]& scnFromExecution, OracleParameterCollection& bindByPositionParamColl, Boolean& bBindParamPresent, OracleException& exceptionForArrayBindDML, OracleConnection connection, OracleLogicalTransaction& oracleLogicalTransaction, Boolean isFromEF)
   at Oracle.ManagedDataAccess.Client.OracleCommand.ExecuteNonQuery()
   at GINNTAS.COracle.ExeSQL(String strSQL, String& SQL_Execution_Error) in D:\SVN\Source Code\Code TLB\GINNTAS_TLB\GINNTAS\classs\COracle.vb:line 290
23/05/2019 14:39:57 [ExecuteSQL] update METER set  METER_NO='11',  METER_ADDRESS=1,  METER_TYPE='SINGLE',  BASE_PRODUCT_ID='150N',  ARM_LEFT_ACTIVE=1,  ARM_RIGHT_ACTIVE=1,  ISLAND_NO='1',  COMP_ID='106052', COMPORT_NO='IP192.168.0.113', COMP_ID1='106004', COMPORT_NO1='COM4', IS_ENABLED=1,  IS_LOCKED=0, UPDATE_DATE=sysdate,UPDATED_BY='ADMIN', BLEND_PERCENT='0.00' ,PRES_LIMIT_HIGH='100' ,PRES_ALARM_HH='2' ,PRES_ALARM_H='1.50' , PULSE_INPUT = '0'where METER_NO='11'
23/05/2019 14:39:57 [ExecuteSQL] Oracle.ManagedDataAccess.Client.OracleException (0x80004005): ORA-12899: value too large for column "TAS"."METER"."COMPORT_NO" (actual: 15, maximum: 7)
   at OracleInternal.ServiceObjects.OracleConnectionImpl.VerifyExecution(Int32& cursorId, Boolean bThrowArrayBindRelatedErrors, SqlStatementType sqlStatementType, Int32 arrayBindCount, OracleException& exceptionForArrayBindDML, Boolean& hasMoreRowsInDB, Boolean bFirstIterationDone)
   at OracleInternal.ServiceObjects.OracleCommandImpl.VerifyExecution(OracleConnectionImpl connectionImpl, Int32& cursorId, Boolean bThrowArrayBindRelatedErrors, OracleException& exceptionForArrayBindDML, Boolean& hasMoreRowsInDB, Boolean bFirstIterationDone)
   at OracleInternal.ServiceObjects.OracleCommandImpl.ExecuteNonQuery(String commandText, OracleParameterCollection paramColl, CommandType commandType, OracleConnectionImpl connectionImpl, Int32 longFetchSize, Int64 clientInitialLOBFS, OracleDependencyImpl orclDependencyImpl, Int64[]& scnFromExecution, OracleParameterCollection& bindByPositionParamColl, Boolean& bBindParamPresent, OracleException& exceptionForArrayBindDML, OracleConnection connection, OracleLogicalTransaction& oracleLogicalTransaction, Boolean isFromEF)
   at Oracle.ManagedDataAccess.Client.OracleCommand.ExecuteNonQuery()
   at GINNTAS.COracle.ExeSQL(String strSQL, String& SQL_Execution_Error) in D:\SVN\Source Code\Code TLB\GINNTAS_TLB\GINNTAS\classs\COracle.vb:line 290
23/05/2019 14:41:13 [ExecuteSQL] update METER set  METER_NO='11',  METER_ADDRESS=1,  METER_TYPE='SINGLE',  BASE_PRODUCT_ID='150N',  ARM_LEFT_ACTIVE=1,  ARM_RIGHT_ACTIVE=1,  ISLAND_NO='1',  COMP_ID='106052', COMPORT_NO='IP192.168.0.113', COMP_ID1='106004', COMPORT_NO1='COM4', IS_ENABLED=1,  IS_LOCKED=0, UPDATE_DATE=sysdate,UPDATED_BY='ADMIN', BLEND_PERCENT='0.00' ,PRES_LIMIT_HIGH='100' ,PRES_ALARM_HH='2' ,PRES_ALARM_H='1.50' , PULSE_INPUT = '0'where METER_NO='11'
23/05/2019 14:41:13 [ExecuteSQL] Oracle.ManagedDataAccess.Client.OracleException (0x80004005): ORA-12899: value too large for column "TAS"."METER_SCAN"."COMPORT_NO" (actual: 15, maximum: 7)
ORA-06512: at "TAS.TRG_METER_COMPORT", line 5
ORA-04088: error during execution of trigger 'TAS.TRG_METER_COMPORT'
   at OracleInternal.ServiceObjects.OracleConnectionImpl.VerifyExecution(Int32& cursorId, Boolean bThrowArrayBindRelatedErrors, SqlStatementType sqlStatementType, Int32 arrayBindCount, OracleException& exceptionForArrayBindDML, Boolean& hasMoreRowsInDB, Boolean bFirstIterationDone)
   at OracleInternal.ServiceObjects.OracleCommandImpl.VerifyExecution(OracleConnectionImpl connectionImpl, Int32& cursorId, Boolean bThrowArrayBindRelatedErrors, OracleException& exceptionForArrayBindDML, Boolean& hasMoreRowsInDB, Boolean bFirstIterationDone)
   at OracleInternal.ServiceObjects.OracleCommandImpl.ExecuteNonQuery(String commandText, OracleParameterCollection paramColl, CommandType commandType, OracleConnectionImpl connectionImpl, Int32 longFetchSize, Int64 clientInitialLOBFS, OracleDependencyImpl orclDependencyImpl, Int64[]& scnFromExecution, OracleParameterCollection& bindByPositionParamColl, Boolean& bBindParamPresent, OracleException& exceptionForArrayBindDML, OracleConnection connection, OracleLogicalTransaction& oracleLogicalTransaction, Boolean isFromEF)
   at Oracle.ManagedDataAccess.Client.OracleCommand.ExecuteNonQuery()
   at GINNTAS.COracle.ExeSQL(String strSQL, String& SQL_Execution_Error) in D:\SVN\Source Code\Code TLB\GINNTAS_TLB\GINNTAS\classs\COracle.vb:line 290
23/05/2019 14:42:08 [ExecuteSQL] update METER set  METER_NO='11',  METER_ADDRESS=1,  METER_TYPE='SINGLE',  BASE_PRODUCT_ID='150N',  ARM_LEFT_ACTIVE=1,  ARM_RIGHT_ACTIVE=1,  ISLAND_NO='1',  COMP_ID='106052', COMPORT_NO='IP192.168.0.113', COMP_ID1='106004', COMPORT_NO1='COM4', IS_ENABLED=1,  IS_LOCKED=0, UPDATE_DATE=sysdate,UPDATED_BY='ADMIN', BLEND_PERCENT='0.00' ,PRES_LIMIT_HIGH='100' ,PRES_ALARM_HH='2' ,PRES_ALARM_H='1.50' , PULSE_INPUT = '0'where METER_NO='11'
23/05/2019 14:42:08 [ExecuteSQL] Oracle.ManagedDataAccess.Client.OracleException (0x80004005): ORA-12899: value too large for column "TAS"."METER_SCAN"."COMPORT_NO" (actual: 15, maximum: 7)
ORA-06512: at "TAS.TRG_METER_COMPORT", line 5
ORA-04088: error during execution of trigger 'TAS.TRG_METER_COMPORT'
   at OracleInternal.ServiceObjects.OracleConnectionImpl.VerifyExecution(Int32& cursorId, Boolean bThrowArrayBindRelatedErrors, SqlStatementType sqlStatementType, Int32 arrayBindCount, OracleException& exceptionForArrayBindDML, Boolean& hasMoreRowsInDB, Boolean bFirstIterationDone)
   at OracleInternal.ServiceObjects.OracleCommandImpl.VerifyExecution(OracleConnectionImpl connectionImpl, Int32& cursorId, Boolean bThrowArrayBindRelatedErrors, OracleException& exceptionForArrayBindDML, Boolean& hasMoreRowsInDB, Boolean bFirstIterationDone)
   at OracleInternal.ServiceObjects.OracleCommandImpl.ExecuteNonQuery(String commandText, OracleParameterCollection paramColl, CommandType commandType, OracleConnectionImpl connectionImpl, Int32 longFetchSize, Int64 clientInitialLOBFS, OracleDependencyImpl orclDependencyImpl, Int64[]& scnFromExecution, OracleParameterCollection& bindByPositionParamColl, Boolean& bBindParamPresent, OracleException& exceptionForArrayBindDML, OracleConnection connection, OracleLogicalTransaction& oracleLogicalTransaction, Boolean isFromEF)
   at Oracle.ManagedDataAccess.Client.OracleCommand.ExecuteNonQuery()
   at GINNTAS.COracle.ExeSQL(String strSQL, String& SQL_Execution_Error) in D:\SVN\Source Code\Code TLB\GINNTAS_TLB\GINNTAS\classs\COracle.vb:line 290
