04/08/2020 10:20:11 [ExecuteSQL]  DELETE FROM DO_Header     WHERE  DO_NO = '299999991' 
04/08/2020 10:20:11 [ExecuteSQL] Oracle.ManagedDataAccess.Client.OracleException (0x80004005): ORA-01116: error in opening database file 5
ORA-01110: data file 5: 'C:\APP\MACBOOK\ORADATA\LLTLBA\DATAFILE\O1_MF_UNDOTBS1_HLHFZ3W2_.DBF'
ORA-27041: unable to open file
OSD-04002: unable to open file
O/S-Error: (OS 5) Access is denied.
ORA-06512: at "REPTB.P_INSERT_REP_1SEC", line 43
ORA-06512: at "TAS.TRG_REP_DO_HEADER", line 8
ORA-04088: error during execution of trigger 'TAS.TRG_REP_DO_HEADER'
   at OracleInternal.ServiceObjects.OracleConnectionImpl.VerifyExecution(Int32& cursorId, Boolean bThrowArrayBindRelatedErrors, SqlStatementType sqlStatementType, Int32 arrayBindCount, OracleException& exceptionForArrayBindDML, Boolean& hasMoreRowsInDB, Boolean bFirstIterationDone)
   at OracleInternal.ServiceObjects.OracleCommandImpl.ExecuteNonQuery(String commandText, OracleParameterCollection paramColl, CommandType commandType, OracleConnectionImpl connectionImpl, Int32 longFetchSize, Int64 clientInitialLOBFS, OracleDependencyImpl orclDependencyImpl, Int64[]& scnFromExecution, OracleParameterCollection& bindByPositionParamColl, Boolean& bBindParamPresent, OracleException& exceptionForArrayBindDML, OracleConnection connection, OracleLogicalTransaction& oracleLogicalTransaction, Boolean isFromEF)
   at Oracle.ManagedDataAccess.Client.OracleCommand.ExecuteNonQuery()
   at GINNTAS.COracle.ExeSQL(String strSQL, String& SQL_Execution_Error) in E:\งาน\G15-026_TAM\LLTLB\UPDATE CODE\2020\GINNTAS_TLB\GINNTAS\classs\COracle.vb:line 290
04/08/2020 10:21:02 [ExecuteSQL]  DELETE FROM DO_Header     WHERE  DO_NO = '299999992' 
04/08/2020 10:21:02 [ExecuteSQL] Oracle.ManagedDataAccess.Client.OracleException (0x80004005): ORA-01116: error in opening database file 5
ORA-01110: data file 5: 'C:\APP\MACBOOK\ORADATA\LLTLBA\DATAFILE\O1_MF_UNDOTBS1_HLHFZ3W2_.DBF'
ORA-27041: unable to open file
OSD-04002: unable to open file
O/S-Error: (OS 5) Access is denied.
ORA-06512: at "REPTB.P_INSERT_REP_1SEC", line 43
ORA-06512: at "TAS.TRG_REP_DO_HEADER", line 8
ORA-04088: error during execution of trigger 'TAS.TRG_REP_DO_HEADER'
   at OracleInternal.ServiceObjects.OracleConnectionImpl.VerifyExecution(Int32& cursorId, Boolean bThrowArrayBindRelatedErrors, SqlStatementType sqlStatementType, Int32 arrayBindCount, OracleException& exceptionForArrayBindDML, Boolean& hasMoreRowsInDB, Boolean bFirstIterationDone)
   at OracleInternal.ServiceObjects.OracleCommandImpl.ExecuteNonQuery(String commandText, OracleParameterCollection paramColl, CommandType commandType, OracleConnectionImpl connectionImpl, Int32 longFetchSize, Int64 clientInitialLOBFS, OracleDependencyImpl orclDependencyImpl, Int64[]& scnFromExecution, OracleParameterCollection& bindByPositionParamColl, Boolean& bBindParamPresent, OracleException& exceptionForArrayBindDML, OracleConnection connection, OracleLogicalTransaction& oracleLogicalTransaction, Boolean isFromEF)
   at Oracle.ManagedDataAccess.Client.OracleCommand.ExecuteNonQuery()
   at GINNTAS.COracle.ExeSQL(String strSQL, String& SQL_Execution_Error) in E:\งาน\G15-026_TAM\LLTLB\UPDATE CODE\2020\GINNTAS_TLB\GINNTAS\classs\COracle.vb:line 290
04/08/2020 10:27:21 [OpenDyns]  select T.*  from TAS.VIEW_PANEL T
04/08/2020 10:27:21 [OpenDyns] Oracle.ManagedDataAccess.Client.OracleException (0x80004005): ORA-03135: Connection lost contact ---> OracleInternal.Network.NetworkException (0x80004005): ORA-03135: Connection lost contact ---> System.Net.Sockets.SocketException (0x80004005): An existing connection was forcibly closed by the remote host
   at System.Net.Sockets.Socket.Receive(Byte[] buffer, Int32 offset, Int32 size, SocketFlags socketFlags)
   at OracleInternal.Network.ReaderStream.Read(OraBuf OB)
   at OracleInternal.Network.ReaderStream.Read(OraBuf OB)
   at OracleInternal.TTC.OraBufReader.GetDataFromNetwork()
   at OracleInternal.TTC.OraBufReader.Read(Boolean bIgnoreData)
   at OracleInternal.TTC.MarshallingEngine.UnmarshalUB1(Boolean bIgnoreData)
   at OracleInternal.TTC.TTCExecuteSql.ReceiveExecuteResponse(Accessor[]& defineAccessors, Accessor[] bindAccessors, Boolean bHasReturningParams, SQLMetaData& sqlMetaData, SqlStatementType statementType, Int64 noOfRowsFetchedLastTime, Int32 noOfRowsToFetch, Int32& noOfRowsFetched, Int64& queryId, Int32 longFetchSize, Int64 initialLOBFetchSize, Int64[] scnFromExecution, Boolean bAllInputBinds, Int32 arrayBindCount, DataUnmarshaller& dataUnmarshaller, MarshalBindParameterValueHelper& marshalBindParamsHelper, Int64[]& rowsAffectedByArrayBind, Boolean bDefineDone, Boolean& bMoreThanOneRowAffectedByDmlWithRetClause, List`1& implicitRSList, Boolean bLOBArrayFetchRequired)
   at Oracle.ManagedDataAccess.Client.OracleException.HandleError(OracleTraceLevel level, OracleTraceTag tag, Exception ex, OracleLogicalTransaction oracleLogicalTransaction)
   at OracleInternal.TTC.TTCExecuteSql.ReceiveExecuteResponse(Accessor[]& defineAccessors, Accessor[] bindAccessors, Boolean bHasReturningParams, SQLMetaData& sqlMetaData, SqlStatementType statementType, Int64 noOfRowsFetchedLastTime, Int32 noOfRowsToFetch, Int32& noOfRowsFetched, Int64& queryId, Int32 longFetchSize, Int64 initialLOBFetchSize, Int64[] scnFromExecution, Boolean bAllInputBinds, Int32 arrayBindCount, DataUnmarshaller& dataUnmarshaller, MarshalBindParameterValueHelper& marshalBindParamsHelper, Int64[]& rowsAffectedByArrayBind, Boolean bDefineDone, Boolean& bMoreThanOneRowAffectedByDmlWithRetClause, List`1& implicitRSList, Boolean bLOBArrayFetchRequired)
   at OracleInternal.ServiceObjects.OracleCommandImpl.ExecuteReader(String commandText, OracleParameterCollection paramColl, CommandType commandType, OracleConnectionImpl connectionImpl, OracleDataReaderImpl& rdrImpl, Int32 longFetchSize, Int64 clientInitialLOBFS, OracleDependencyImpl orclDependencyImpl, Int64[] scnForExecution, Int64[]& scnFromExecution, OracleParameterCollection& bindByPositionParamColl, Boolean& bBindParamPresent, Int64& internalInitialLOBFS, OracleException& exceptionForArrayBindDML, OracleConnection connection, OracleLogicalTransaction& oracleLogicalTransaction, IEnumerable`1 adrianParsedStmt, Boolean isDescribeOnly, Boolean isFromEF)
   at Oracle.ManagedDataAccess.Client.OracleCommand.ExecuteReader(Boolean requery, Boolean fillRequest, CommandBehavior behavior)
   at Oracle.ManagedDataAccess.Client.OracleDataAdapter.Fill(DataSet dataSet, Int32 startRecord, Int32 maxRecords, String srcTable, IDbCommand command, CommandBehavior behavior)
   at System.Data.Common.DbDataAdapter.Fill(DataSet dataSet, String srcTable)
   at GINNTAS.COracle.OpenDys(String strSQL, String pTableName, DataSet& mDataSet, String& SQL_Execution_Error, Boolean pShowErr) in E:\งาน\G15-026_TAM\LLTLB\UPDATE CODE\2020\GINNTAS_TLB\GINNTAS\classs\COracle.vb:line 227
04/08/2020 10:27:21 [OpenDyns]  select T.*  from TAS.VIEW_PANEL T
04/08/2020 10:27:21 [OpenDyns] Oracle.ManagedDataAccess.Client.OracleException (0x80004005): Oracle error ORA-12571 encountered ---> OracleInternal.Network.NetworkException (0x80004005): Oracle error ORA-12571 encountered ---> System.Net.Sockets.SocketException (0x80004005): An existing connection was forcibly closed by the remote host
   at System.Net.Sockets.Socket.Send(Byte[] buffer, Int32 offset, Int32 size, SocketFlags socketFlags)
   at OracleInternal.Network.TcpTransportAdapter.Send(OraBuf OB)
   at OracleInternal.Network.TcpTransportAdapter.Send(OraBuf OB)
   at OracleInternal.Network.WriterStream.Write(OraBuf OB)
   at OracleInternal.TTC.OraBufWriter.FlushData()
   at OracleInternal.TTC.TTCExecuteSql.WriteOall8Message(Byte[] sqlStmtByteStream, Int32 cursorId, Int64 dbChangeRegistrationId, Int64 executeOptions, ColumnDescribeInfo[] colDefinesInfoArray, Int32 longFetchSize, Int32 arrayBindCount, Int32 numDefineCols, Int64 noOfRowsToFetch, SqlStatementType stmtType, MarshalBindParameterValueHelper& marshalBindParamsHelper, Int32 startIndex)
   at Oracle.ManagedDataAccess.Client.OracleException.HandleError(OracleTraceLevel level, OracleTraceTag tag, Exception ex, OracleLogicalTransaction oracleLogicalTransaction)
   at OracleInternal.TTC.TTCExecuteSql.WriteOall8Message(Byte[] sqlStmtByteStream, Int32 cursorId, Int64 dbChangeRegistrationId, Int64 executeOptions, ColumnDescribeInfo[] colDefinesInfoArray, Int32 longFetchSize, Int32 arrayBindCount, Int32 numDefineCols, Int64 noOfRowsToFetch, SqlStatementType stmtType, MarshalBindParameterValueHelper& marshalBindParamsHelper, Int32 startIndex)
   at OracleInternal.TTC.TTCExecuteSql.SendExecuteRequest(OracleConnectionImpl commImpl, Byte[] sqlStmtByteStream, Boolean bHasReturningClause, Int32 cursorId, Int64 dbChangeRegistrationId, ColumnDescribeInfo[] columnDefines, Int64 noOfRowsToFetch, Boolean parse, Boolean execute, Boolean fetch, Boolean define, Boolean bAutoCommit, Boolean bDisableCompressedFetch, SqlStatementType stmtType, Int32 longFetchSize, Int32 arrayBindCount, Int64[] scnForSnapshot, MarshalBindParameterValueHelper& marshalBindParamsHelper, Int32 startIndex)
   at OracleInternal.ServiceObjects.OracleCommandImpl.ExecuteReader(String commandText, OracleParameterCollection paramColl, CommandType commandType, OracleConnectionImpl connectionImpl, OracleDataReaderImpl& rdrImpl, Int32 longFetchSize, Int64 clientInitialLOBFS, OracleDependencyImpl orclDependencyImpl, Int64[] scnForExecution, Int64[]& scnFromExecution, OracleParameterCollection& bindByPositionParamColl, Boolean& bBindParamPresent, Int64& internalInitialLOBFS, OracleException& exceptionForArrayBindDML, OracleConnection connection, OracleLogicalTransaction& oracleLogicalTransaction, IEnumerable`1 adrianParsedStmt, Boolean isDescribeOnly, Boolean isFromEF)
   at Oracle.ManagedDataAccess.Client.OracleCommand.ExecuteReader(Boolean requery, Boolean fillRequest, CommandBehavior behavior)
   at Oracle.ManagedDataAccess.Client.OracleDataAdapter.Fill(DataSet dataSet, Int32 startRecord, Int32 maxRecords, String srcTable, IDbCommand command, CommandBehavior behavior)
   at System.Data.Common.DbDataAdapter.Fill(DataSet dataSet, String srcTable)
   at GINNTAS.COracle.OpenDys(String strSQL, String pTableName, DataSet& mDataSet, String& SQL_Execution_Error, Boolean pShowErr) in E:\งาน\G15-026_TAM\LLTLB\UPDATE CODE\2020\GINNTAS_TLB\GINNTAS\classs\COracle.vb:line 227
04/08/2020 10:27:24 [OpenDyns]  select T.*  from TAS.VIEW_PANEL T
04/08/2020 10:27:24 [OpenDyns] Oracle.ManagedDataAccess.Client.OracleException (0x80004005): Oracle error ORA-12571 encountered ---> OracleInternal.Network.NetworkException (0x80004005): Oracle error ORA-12571 encountered ---> System.Net.Sockets.SocketException (0x80004005): An existing connection was forcibly closed by the remote host
   at System.Net.Sockets.Socket.Send(Byte[] buffer, Int32 offset, Int32 size, SocketFlags socketFlags)
   at OracleInternal.Network.TcpTransportAdapter.Send(OraBuf OB)
   at OracleInternal.Network.TcpTransportAdapter.Send(OraBuf OB)
   at OracleInternal.Network.WriterStream.Write(OraBuf OB)
   at OracleInternal.TTC.OraBufWriter.FlushData()
   at OracleInternal.TTC.TTCExecuteSql.WriteOall8Message(Byte[] sqlStmtByteStream, Int32 cursorId, Int64 dbChangeRegistrationId, Int64 executeOptions, ColumnDescribeInfo[] colDefinesInfoArray, Int32 longFetchSize, Int32 arrayBindCount, Int32 numDefineCols, Int64 noOfRowsToFetch, SqlStatementType stmtType, MarshalBindParameterValueHelper& marshalBindParamsHelper, Int32 startIndex)
   at Oracle.ManagedDataAccess.Client.OracleException.HandleError(OracleTraceLevel level, OracleTraceTag tag, Exception ex, OracleLogicalTransaction oracleLogicalTransaction)
   at OracleInternal.TTC.TTCExecuteSql.WriteOall8Message(Byte[] sqlStmtByteStream, Int32 cursorId, Int64 dbChangeRegistrationId, Int64 executeOptions, ColumnDescribeInfo[] colDefinesInfoArray, Int32 longFetchSize, Int32 arrayBindCount, Int32 numDefineCols, Int64 noOfRowsToFetch, SqlStatementType stmtType, MarshalBindParameterValueHelper& marshalBindParamsHelper, Int32 startIndex)
   at OracleInternal.TTC.TTCExecuteSql.SendExecuteRequest(OracleConnectionImpl commImpl, Byte[] sqlStmtByteStream, Boolean bHasReturningClause, Int32 cursorId, Int64 dbChangeRegistrationId, ColumnDescribeInfo[] columnDefines, Int64 noOfRowsToFetch, Boolean parse, Boolean execute, Boolean fetch, Boolean define, Boolean bAutoCommit, Boolean bDisableCompressedFetch, SqlStatementType stmtType, Int32 longFetchSize, Int32 arrayBindCount, Int64[] scnForSnapshot, MarshalBindParameterValueHelper& marshalBindParamsHelper, Int32 startIndex)
   at OracleInternal.ServiceObjects.OracleCommandImpl.ExecuteReader(String commandText, OracleParameterCollection paramColl, CommandType commandType, OracleConnectionImpl connectionImpl, OracleDataReaderImpl& rdrImpl, Int32 longFetchSize, Int64 clientInitialLOBFS, OracleDependencyImpl orclDependencyImpl, Int64[] scnForExecution, Int64[]& scnFromExecution, OracleParameterCollection& bindByPositionParamColl, Boolean& bBindParamPresent, Int64& internalInitialLOBFS, OracleException& exceptionForArrayBindDML, OracleConnection connection, OracleLogicalTransaction& oracleLogicalTransaction, IEnumerable`1 adrianParsedStmt, Boolean isDescribeOnly, Boolean isFromEF)
   at Oracle.ManagedDataAccess.Client.OracleCommand.ExecuteReader(Boolean requery, Boolean fillRequest, CommandBehavior behavior)
   at Oracle.ManagedDataAccess.Client.OracleDataAdapter.Fill(DataSet dataSet, Int32 startRecord, Int32 maxRecords, String srcTable, IDbCommand command, CommandBehavior behavior)
   at System.Data.Common.DbDataAdapter.Fill(DataSet dataSet, String srcTable)
   at GINNTAS.COracle.OpenDys(String strSQL, String pTableName, DataSet& mDataSet, String& SQL_Execution_Error, Boolean pShowErr) in E:\งาน\G15-026_TAM\LLTLB\UPDATE CODE\2020\GINNTAS_TLB\GINNTAS\classs\COracle.vb:line 227
