22/01/2018 17:37:45 [OpenDyns] SELECT C.CARD_CODE as "รหัสบัตร",T.TU_ID as "ทะเบียนรถ",v.TYPE_NAME as "ประเภทบัตรรถ" ,case C.IS_ENABLED when 0 then 'หยุดการใช้งาน' else 'สามารถใช้งานได้' end as "สถานะใช้งาน",C.EXPIRE_DATE as "EXPIRE DATE",case C.IS_EXPIRE when 0 then ' ' else 'Used' end as "STATUS USED",C.UPDATE_DATE as "วันที่แก้ไขล่าสุด",C.UPDATED_BY as "แก้ไขโดย"  FROM CARD C,TRANSPORT_UNIT T , TAS.V_CARD_TYPE  V   WHERE C.TU_NUMBER =T.TU_NUMBER(+)   AND C.CARD_TYPE = V.TYPE_ID ORDER BY C.CARD_NO
22/01/2018 17:37:45 [OpenDyns] Oracle.ManagedDataAccess.Client.OracleException (0x80004005): ORA-00600: internal error code, arguments: [19004], [], [], [], [], [], [], [], [], [], [], []
   at OracleInternal.ServiceObjects.OracleConnectionImpl.VerifyExecution(Int32& cursorId, Boolean bThrowArrayBindRelatedErrors, SqlStatementType sqlStatementType, Int32 arrayBindCount, OracleException& exceptionForArrayBindDML, Boolean& hasMoreRowsInDB, Boolean bFirstIterationDone)
   at OracleInternal.ServiceObjects.OracleCommandImpl.ExecuteReader(String commandText, OracleParameterCollection paramColl, CommandType commandType, OracleConnectionImpl connectionImpl, OracleDataReaderImpl& rdrImpl, Int32 longFetchSize, Int64 clientInitialLOBFS, OracleDependencyImpl orclDependencyImpl, Int64[] scnForExecution, Int64[]& scnFromExecution, OracleParameterCollection& bindByPositionParamColl, Boolean& bBindParamPresent, Int64& internalInitialLOBFS, OracleException& exceptionForArrayBindDML, OracleConnection connection, OracleLogicalTransaction& oracleLogicalTransaction, IEnumerable`1 adrianParsedStmt, Boolean isDescribeOnly, Boolean isFromEF)
   at Oracle.ManagedDataAccess.Client.OracleCommand.ExecuteReader(Boolean requery, Boolean fillRequest, CommandBehavior behavior)
   at Oracle.ManagedDataAccess.Client.OracleDataAdapter.Fill(DataSet dataSet, Int32 startRecord, Int32 maxRecords, String srcTable, IDbCommand command, CommandBehavior behavior)
   at System.Data.Common.DbDataAdapter.Fill(DataSet dataSet, String srcTable)
   at GINNTAS.COracle.OpenDys(String strSQL, String pTableName, DataSet& mDataSet, String& SQL_Execution_Error, Boolean pShowErr) in C:\Users\win10\Documents\Visual Studio 2015\Projects\GINNTAS_TLB\GINNTAS\classs\COracle.vb:line 227
22/01/2018 17:39:01 [OpenDyns] select v.vehicle_number,v.vehicle_type||'-'||tu.description as vehicle_type,v.vehicle_id,v.driver_id,v.map_type,v.tot_seal,v.expire_date,v.is_enabled, v.carrier_id,v.tu_number,v.tu_number1,v.update_date,v.updated_by,c.carrier_name,v.tare_weight,   u.tu_id as tu_name,u1.tu_id as tu_name1 from vehicle v,tas.transport_unit u,tas.transport_unit u1,carrier c,tas.view_tu_type tu  where v.tu_number=u.tu_number(+) and v.tu_number1=u1.tu_number(+) and v.carrier_id=c.carrier_id(+)   and v.vehicle_type=tu.status_varchar(+) and v.vehicle_number='51-6998กท.001'
22/01/2018 17:39:01 [OpenDyns] Oracle.ManagedDataAccess.Client.OracleException (0x80004005): ORA-00600: internal error code, arguments: [19004], [], [], [], [], [], [], [], [], [], [], []
   at OracleInternal.ServiceObjects.OracleConnectionImpl.VerifyExecution(Int32& cursorId, Boolean bThrowArrayBindRelatedErrors, SqlStatementType sqlStatementType, Int32 arrayBindCount, OracleException& exceptionForArrayBindDML, Boolean& hasMoreRowsInDB, Boolean bFirstIterationDone)
   at OracleInternal.ServiceObjects.OracleCommandImpl.ExecuteReader(String commandText, OracleParameterCollection paramColl, CommandType commandType, OracleConnectionImpl connectionImpl, OracleDataReaderImpl& rdrImpl, Int32 longFetchSize, Int64 clientInitialLOBFS, OracleDependencyImpl orclDependencyImpl, Int64[] scnForExecution, Int64[]& scnFromExecution, OracleParameterCollection& bindByPositionParamColl, Boolean& bBindParamPresent, Int64& internalInitialLOBFS, OracleException& exceptionForArrayBindDML, OracleConnection connection, OracleLogicalTransaction& oracleLogicalTransaction, IEnumerable`1 adrianParsedStmt, Boolean isDescribeOnly, Boolean isFromEF)
   at Oracle.ManagedDataAccess.Client.OracleCommand.ExecuteReader(Boolean requery, Boolean fillRequest, CommandBehavior behavior)
   at Oracle.ManagedDataAccess.Client.OracleDataAdapter.Fill(DataSet dataSet, Int32 startRecord, Int32 maxRecords, String srcTable, IDbCommand command, CommandBehavior behavior)
   at System.Data.Common.DbDataAdapter.Fill(DataSet dataSet, String srcTable)
   at GINNTAS.COracle.OpenDys(String strSQL, String pTableName, DataSet& mDataSet, String& SQL_Execution_Error, Boolean pShowErr) in C:\Users\win10\Documents\Visual Studio 2015\Projects\GINNTAS_TLB\GINNTAS\classs\COracle.vb:line 227
22/01/2018 17:39:27 [OpenDyns] select v.vehicle_number,v.vehicle_type||'-'||tu.description as vehicle_type,v.vehicle_id,v.driver_id,v.map_type,v.tot_seal,v.expire_date,v.is_enabled, v.carrier_id,v.tu_number,v.tu_number1,v.update_date,v.updated_by,c.carrier_name,v.tare_weight,   u.tu_id as tu_name,u1.tu_id as tu_name1 from vehicle v,tas.transport_unit u,tas.transport_unit u1,carrier c,tas.view_tu_type tu  where v.tu_number=u.tu_number(+) and v.tu_number1=u1.tu_number(+) and v.carrier_id=c.carrier_id(+)   and v.vehicle_type=tu.status_varchar(+) and v.vehicle_number='51-6998กท.001'
22/01/2018 17:39:27 [OpenDyns] Oracle.ManagedDataAccess.Client.OracleException (0x80004005): ORA-00600: internal error code, arguments: [19004], [], [], [], [], [], [], [], [], [], [], []
   at OracleInternal.ServiceObjects.OracleConnectionImpl.VerifyExecution(Int32& cursorId, Boolean bThrowArrayBindRelatedErrors, SqlStatementType sqlStatementType, Int32 arrayBindCount, OracleException& exceptionForArrayBindDML, Boolean& hasMoreRowsInDB, Boolean bFirstIterationDone)
   at OracleInternal.ServiceObjects.OracleCommandImpl.ExecuteReader(String commandText, OracleParameterCollection paramColl, CommandType commandType, OracleConnectionImpl connectionImpl, OracleDataReaderImpl& rdrImpl, Int32 longFetchSize, Int64 clientInitialLOBFS, OracleDependencyImpl orclDependencyImpl, Int64[] scnForExecution, Int64[]& scnFromExecution, OracleParameterCollection& bindByPositionParamColl, Boolean& bBindParamPresent, Int64& internalInitialLOBFS, OracleException& exceptionForArrayBindDML, OracleConnection connection, OracleLogicalTransaction& oracleLogicalTransaction, IEnumerable`1 adrianParsedStmt, Boolean isDescribeOnly, Boolean isFromEF)
   at Oracle.ManagedDataAccess.Client.OracleCommand.ExecuteReader(Boolean requery, Boolean fillRequest, CommandBehavior behavior)
   at Oracle.ManagedDataAccess.Client.OracleDataAdapter.Fill(DataSet dataSet, Int32 startRecord, Int32 maxRecords, String srcTable, IDbCommand command, CommandBehavior behavior)
   at System.Data.Common.DbDataAdapter.Fill(DataSet dataSet, String srcTable)
   at GINNTAS.COracle.OpenDys(String strSQL, String pTableName, DataSet& mDataSet, String& SQL_Execution_Error, Boolean pShowErr) in C:\Users\win10\Documents\Visual Studio 2015\Projects\GINNTAS_TLB\GINNTAS\classs\COracle.vb:line 227
22/01/2018 17:40:08 [OpenDyns] select v.vehicle_number,v.vehicle_type||'-'||tu.description as vehicle_type,v.vehicle_id,v.driver_id,v.map_type,v.tot_seal,v.expire_date,v.is_enabled, v.carrier_id,v.tu_number,v.tu_number1,v.update_date,v.updated_by,c.carrier_name,v.tare_weight,   u.tu_id as tu_name,u1.tu_id as tu_name1 from vehicle v,tas.transport_unit u,tas.transport_unit u1,carrier c,tas.view_tu_type tu  where v.tu_number=u.tu_number(+) and v.tu_number1=u1.tu_number(+) and v.carrier_id=c.carrier_id(+)   and v.vehicle_type=tu.status_varchar(+) and v.vehicle_number='51-6998กท.001'
22/01/2018 17:40:08 [OpenDyns] Oracle.ManagedDataAccess.Client.OracleException (0x80004005): ORA-00600: internal error code, arguments: [19004], [], [], [], [], [], [], [], [], [], [], []
   at OracleInternal.ServiceObjects.OracleConnectionImpl.VerifyExecution(Int32& cursorId, Boolean bThrowArrayBindRelatedErrors, SqlStatementType sqlStatementType, Int32 arrayBindCount, OracleException& exceptionForArrayBindDML, Boolean& hasMoreRowsInDB, Boolean bFirstIterationDone)
   at OracleInternal.ServiceObjects.OracleCommandImpl.ExecuteReader(String commandText, OracleParameterCollection paramColl, CommandType commandType, OracleConnectionImpl connectionImpl, OracleDataReaderImpl& rdrImpl, Int32 longFetchSize, Int64 clientInitialLOBFS, OracleDependencyImpl orclDependencyImpl, Int64[] scnForExecution, Int64[]& scnFromExecution, OracleParameterCollection& bindByPositionParamColl, Boolean& bBindParamPresent, Int64& internalInitialLOBFS, OracleException& exceptionForArrayBindDML, OracleConnection connection, OracleLogicalTransaction& oracleLogicalTransaction, IEnumerable`1 adrianParsedStmt, Boolean isDescribeOnly, Boolean isFromEF)
   at Oracle.ManagedDataAccess.Client.OracleCommand.ExecuteReader(Boolean requery, Boolean fillRequest, CommandBehavior behavior)
   at Oracle.ManagedDataAccess.Client.OracleDataAdapter.Fill(DataSet dataSet, Int32 startRecord, Int32 maxRecords, String srcTable, IDbCommand command, CommandBehavior behavior)
   at System.Data.Common.DbDataAdapter.Fill(DataSet dataSet, String srcTable)
   at GINNTAS.COracle.OpenDys(String strSQL, String pTableName, DataSet& mDataSet, String& SQL_Execution_Error, Boolean pShowErr) in C:\Users\win10\Documents\Visual Studio 2015\Projects\GINNTAS_TLB\GINNTAS\classs\COracle.vb:line 227
